--------------- Build Started: 08/20/2017 08:48:15 Project: ISMART Thermostat, Configuration: ARM GCC 5.4-2016-q2-update Debug ---------------
cydsfit.exe -.appdatapath "C:\Users\greg.phillips\AppData\Local\Cypress Semiconductor\PSoC Creator\4.1" -.fdsnotice -.fdswarpdepfile=warp_dependencies.txt -.fdselabdepfile=elab_dependencies.txt -.fdsbldfile=generated_files.txt -.fdsreffile=referenced_files.txt -p "C:\Users\greg.phillips\Documents\PSoC Designs\Thermostat\ISMART Thermostat.cydsn\ISMART Thermostat.cyprj" -d CY8C4A45LQI-483 -s "C:\Users\greg.phillips\Documents\PSoC Designs\Thermostat\ISMART Thermostat.cydsn\Generated_Source\PSoC4" -- -yv2 -q10 -ygs -o2 -v3 -.fftcfgtype=LE
Elaborating Design...
HDL Generation...
Synthesis...
Tech Mapping...
Analog Placement...
Analog Routing...
Analog Code Generation...
Digital Placement...
Digital Routing...
Bitstream Generation...
Bitstream Verification...
Static timing analysis...
API Generation...
Dependency Generation...
Cleanup...
arm-none-eabi-gcc.exe -c time.c -o .\CortexM0p\ARM_GCC_541\Debug\time.o -mcpu=cortex-m0plus -mthumb -I. -IGenerated_Source\PSoC4 -Wa,-alh=.\CortexM0p\ARM_GCC_541\Debug/time.lst -g -D DEBUG -Wall -ffunction-sections -ffat-lto-objects -Og
arm-none-eabi-gcc.exe -c Generated_Source\PSoC4\cyfitter_cfg.c -o .\CortexM0p\ARM_GCC_541\Debug\cyfitter_cfg.o -mcpu=cortex-m0plus -mthumb -I. -IGenerated_Source\PSoC4 -Wa,-alh=.\CortexM0p\ARM_GCC_541\Debug/cyfitter_cfg.lst -g -D DEBUG -Wall -ffunction-sections -ffat-lto-objects -Og
arm-none-eabi-ar.exe -rs ".\CortexM0p\ARM_GCC_541\Debug\ISMART Thermostat.a" .\CortexM0p\ARM_GCC_541\Debug\Pin_Vhi.o .\CortexM0p\ARM_GCC_541\Debug\Pin_Vhi_PM.o .\CortexM0p\ARM_GCC_541\Debug\Pin_Vtherm.o .\CortexM0p\ARM_GCC_541\Debug\Pin_Vtherm_PM.o .\CortexM0p\ARM_GCC_541\Debug\Pin_Vlow.o .\CortexM0p\ARM_GCC_541\Debug\Pin_Vlow_PM.o .\CortexM0p\ARM_GCC_541\Debug\Thermistor.o .\CortexM0p\ARM_GCC_541\Debug\ADC.o .\CortexM0p\ARM_GCC_541\Debug\ADC_PM.o .\CortexM0p\ARM_GCC_541\Debug\ADC_INIT.o .\CortexM0p\ARM_GCC_541\Debug\ADC_INT.o .\CortexM0p\ARM_GCC_541\Debug\Pin_Vref.o .\CortexM0p\ARM_GCC_541\Debug\Pin_Vref_PM.o .\CortexM0p\ARM_GCC_541\Debug\Pin_LED_Green.o .\CortexM0p\ARM_GCC_541\Debug\Pin_LED_Green_PM.o .\CortexM0p\ARM_GCC_541\Debug\Pin_LED_Red.o .\CortexM0p\ARM_GCC_541\Debug\Pin_LED_Red_PM.o .\CortexM0p\ARM_GCC_541\Debug\Pin_LED_Blue.o .\CortexM0p\ARM_GCC_541\Debug\Pin_LED_Blue_PM.o .\CortexM0p\ARM_GCC_541\Debug\UART_1.o .\CortexM0p\ARM_GCC_541\Debug\UART_1_SPI_UART.o .\CortexM0p\ARM_GCC_541\Debug\UART_1_SPI_UART_INT.o .\CortexM0p\ARM_GCC_541\Debug\UART_1_PM.o .\CortexM0p\ARM_GCC_541\Debug\UART_1_UART.o .\CortexM0p\ARM_GCC_541\Debug\UART_1_BOOT.o .\CortexM0p\ARM_GCC_541\Debug\UART_1_UART_BOOT.o .\CortexM0p\ARM_GCC_541\Debug\Switch_1.o .\CortexM0p\ARM_GCC_541\Debug\Switch_1_PM.o .\CortexM0p\ARM_GCC_541\Debug\CSD_Control.o .\CortexM0p\ARM_GCC_541\Debug\CSD_Processing.o .\CortexM0p\ARM_GCC_541\Debug\CSD_Structure.o .\CortexM0p\ARM_GCC_541\Debug\CSD_Tuner.o .\CortexM0p\ARM_GCC_541\Debug\CSD_Filter.o .\CortexM0p\ARM_GCC_541\Debug\CSD_Sensing.o .\CortexM0p\ARM_GCC_541\Debug\CSD_INT.o .\CortexM0p\ARM_GCC_541\Debug\CSD_SensingCSD_LL.o .\CortexM0p\ARM_GCC_541\Debug\Opamp_TIA_1.o .\CortexM0p\ARM_GCC_541\Debug\Opamp_TIA_1_PM.o .\CortexM0p\ARM_GCC_541\Debug\TIA_OUT_1.o .\CortexM0p\ARM_GCC_541\Debug\TIA_OUT_1_PM.o .\CortexM0p\ARM_GCC_541\Debug\TIA_IN_1.o .\CortexM0p\ARM_GCC_541\Debug\TIA_IN_1_PM.o .\CortexM0p\ARM_GCC_541\Debug\Pin_PIRRef.o .\CortexM0p\ARM_GCC_541\Debug\Pin_PIRRef_PM.o .\CortexM0p\ARM_GCC_541\Debug\Pin_PIR.o .\CortexM0p\ARM_GCC_541\Debug\Pin_PIR_PM.o .\CortexM0p\ARM_GCC_541\Debug\Pin_AmpOut.o .\CortexM0p\ARM_GCC_541\Debug\Pin_AmpOut_PM.o .\CortexM0p\ARM_GCC_541\Debug\PIRAmplifierStage1.o .\CortexM0p\ARM_GCC_541\Debug\PIRAmplifierStage1_PM.o .\CortexM0p\ARM_GCC_541\Debug\RefBuffer.o .\CortexM0p\ARM_GCC_541\Debug\RefBuffer_PM.o .\CortexM0p\ARM_GCC_541\Debug\PVref_1.o .\CortexM0p\ARM_GCC_541\Debug\PVref_1_PM.o .\CortexM0p\ARM_GCC_541\Debug\Pin_PGAIn.o .\CortexM0p\ARM_GCC_541\Debug\Pin_PGAIn_PM.o .\CortexM0p\ARM_GCC_541\Debug\PIRAmplifierStage2.o .\CortexM0p\ARM_GCC_541\Debug\PIRAmplifierStage2_PM.o .\CortexM0p\ARM_GCC_541\Debug\isr_Timebase5s.o .\CortexM0p\ARM_GCC_541\Debug\Clk_1kHz.o .\CortexM0p\ARM_GCC_541\Debug\Timebase5s.o .\CortexM0p\ARM_GCC_541\Debug\Timebase5s_PM.o .\CortexM0p\ARM_GCC_541\Debug\ADC_intSarClock.o .\CortexM0p\ARM_GCC_541\Debug\ADC_IRQ.o .\CortexM0p\ARM_GCC_541\Debug\ADC_intUabClock.o .\CortexM0p\ARM_GCC_541\Debug\UART_1_SCBCLK.o .\CortexM0p\ARM_GCC_541\Debug\UART_1_tx.o .\CortexM0p\ARM_GCC_541\Debug\UART_1_tx_PM.o .\CortexM0p\ARM_GCC_541\Debug\UART_1_rx.o .\CortexM0p\ARM_GCC_541\Debug\UART_1_rx_PM.o .\CortexM0p\ARM_GCC_541\Debug\CSD_ISR.o .\CortexM0p\ARM_GCC_541\Debug\CyFlash.o .\CortexM0p\ARM_GCC_541\Debug\CyLib.o .\CortexM0p\ARM_GCC_541\Debug\cyPm.o .\CortexM0p\ARM_GCC_541\Debug\cyutils.o .\CortexM0p\ARM_GCC_541\Debug\CyDMA.o .\CortexM0p\ARM_GCC_541\Debug\CyLFClk.o .\CortexM0p\ARM_GCC_541\Debug\System_Timer.o .\CortexM0p\ARM_GCC_541\Debug\System_Timer_PM.o .\CortexM0p\ARM_GCC_541\Debug\Clock_1.o .\CortexM0p\ARM_GCC_541\Debug\isr_counter.o .\CortexM0p\ARM_GCC_541\Debug\CyBootAsmGnu.o
arm-none-eabi-ar.exe: creating .\CortexM0p\ARM_GCC_541\Debug\ISMART Thermostat.a
arm-none-eabi-gcc.exe -Wl,--start-group -o "C:\Users\greg.phillips\Documents\PSoC Designs\Thermostat\ISMART Thermostat.cydsn\CortexM0p\ARM_GCC_541\Debug\ISMART Thermostat.elf" .\CortexM0p\ARM_GCC_541\Debug\main.o .\CortexM0p\ARM_GCC_541\Debug\imatrix.o .\CortexM0p\ARM_GCC_541\Debug\time.o .\CortexM0p\ARM_GCC_541\Debug\controls.o .\CortexM0p\ARM_GCC_541\Debug\humdity.o .\CortexM0p\ARM_GCC_541\Debug\leds.o .\CortexM0p\ARM_GCC_541\Debug\lux.o .\CortexM0p\ARM_GCC_541\Debug\pir.o .\CortexM0p\ARM_GCC_541\Debug\sensors.o .\CortexM0p\ARM_GCC_541\Debug\switch_sensor.o .\CortexM0p\ARM_GCC_541\Debug\temp.o .\CortexM0p\ARM_GCC_541\Debug\thermostat.o .\CortexM0p\ARM_GCC_541\Debug\cyfitter_cfg.o .\CortexM0p\ARM_GCC_541\Debug\cymetadata.o .\CortexM0p\ARM_GCC_541\Debug\Cm0plusStart.o ".\CortexM0p\ARM_GCC_541\Debug\ISMART Thermostat.a" "C:\Program Files (x86)\Cypress\PSoC Creator\4.1\PSoC Creator\psoc\content\CyComponentLibrary\CyComponentLibrary.cylib\CapSense_P4_v4_0\PSoC4\Library\Capsense_P4Library_GCCp.a" -mcpu=cortex-m0plus -mthumb -L Generated_Source\PSoC4 "-Wl,-Map,.\CortexM0p\ARM_GCC_541\Debug/ISMART Thermostat.map" -T Generated_Source\PSoC4\cm0plusgcc.ld -Wl,--gc-sections -g -ffunction-sections -Og -ffat-lto-objects -Wl,--end-group
cyelftool.exe -C "C:\Users\greg.phillips\Documents\PSoC Designs\Thermostat\ISMART Thermostat.cydsn\CortexM0p\ARM_GCC_541\Debug\ISMART Thermostat.elf" --flash_row_size 128 --flash_size 32768 --flash_offset 0x00000000
cyelftool.exe -S "C:\Users\greg.phillips\Documents\PSoC Designs\Thermostat\ISMART Thermostat.cydsn\CortexM0p\ARM_GCC_541\Debug\ISMART Thermostat.elf"
Flash used: 25600 of 32768 bytes (78.1 %).
SRAM used: 2716 of 4096 bytes (66.3 %). Stack: 1024 bytes. Heap: 128 bytes.
--------------- Build Succeeded: 08/20/2017 08:48:28 ---------------
