--------------- Clean Started: 08/13/2017 16:06:14 Project: ISMART Thermostat, Configuration: ARM GCC 5.4-2016-q2-update Debug ---------------
Deleting file ".\CortexM0p\ARM_GCC_541\Debug\main.o"
Deleting file ".\CortexM0p\ARM_GCC_541\Debug\temp.o"
Deleting file ".\CortexM0p\ARM_GCC_541\Debug\controls.o"
Deleting file ".\CortexM0p\ARM_GCC_541\Debug\sensors.o"
Deleting file ".\CortexM0p\ARM_GCC_541\Debug\switch_sensor.o"
Deleting file ".\CortexM0p\ARM_GCC_541\Debug\imatrix.o"
Deleting file ".\CortexM0p\ARM_GCC_541\Debug\cyfitter_cfg.o"
Deleting file ".\CortexM0p\ARM_GCC_541\Debug\cymetadata.o"
Deleting file ".\CortexM0p\ARM_GCC_541\Debug\Pin_LED_Blue.o"
Deleting file ".\CortexM0p\ARM_GCC_541\Debug\Pin_LED_Blue_PM.o"
Deleting file ".\CortexM0p\ARM_GCC_541\Debug\Pin_LED_Red.o"
Deleting file ".\CortexM0p\ARM_GCC_541\Debug\Pin_LED_Red_PM.o"
Deleting file ".\CortexM0p\ARM_GCC_541\Debug\Pin_Vhi.o"
Deleting file ".\CortexM0p\ARM_GCC_541\Debug\Pin_Vhi_PM.o"
Deleting file ".\CortexM0p\ARM_GCC_541\Debug\Pin_Vtherm.o"
Deleting file ".\CortexM0p\ARM_GCC_541\Debug\Pin_Vtherm_PM.o"
Deleting file ".\CortexM0p\ARM_GCC_541\Debug\Pin_Vlow.o"
Deleting file ".\CortexM0p\ARM_GCC_541\Debug\Pin_Vlow_PM.o"
Deleting file ".\CortexM0p\ARM_GCC_541\Debug\Thermistor.o"
Deleting file ".\CortexM0p\ARM_GCC_541\Debug\VrefBuffer.o"
Deleting file ".\CortexM0p\ARM_GCC_541\Debug\VrefBuffer_PM.o"
Deleting file ".\CortexM0p\ARM_GCC_541\Debug\ADC.o"
Deleting file ".\CortexM0p\ARM_GCC_541\Debug\ADC_PM.o"
Deleting file ".\CortexM0p\ARM_GCC_541\Debug\ADC_INIT.o"
Deleting file ".\CortexM0p\ARM_GCC_541\Debug\ADC_INT.o"
Deleting file ".\CortexM0p\ARM_GCC_541\Debug\EZI2C.o"
Deleting file ".\CortexM0p\ARM_GCC_541\Debug\EZI2C_PM.o"
Deleting file ".\CortexM0p\ARM_GCC_541\Debug\EZI2C_BOOT.o"
Deleting file ".\CortexM0p\ARM_GCC_541\Debug\EZI2C_EZI2C.o"
Deleting file ".\CortexM0p\ARM_GCC_541\Debug\EZI2C_EZI2C_INT.o"
Deleting file ".\CortexM0p\ARM_GCC_541\Debug\EZI2C_EZI2C_BOOT.o"
Deleting file ".\CortexM0p\ARM_GCC_541\Debug\PVref.o"
Deleting file ".\CortexM0p\ARM_GCC_541\Debug\PVref_PM.o"
Deleting file ".\CortexM0p\ARM_GCC_541\Debug\Pin_Vref.o"
Deleting file ".\CortexM0p\ARM_GCC_541\Debug\Pin_Vref_PM.o"
Deleting file ".\CortexM0p\ARM_GCC_541\Debug\ADC_intSarClock.o"
Deleting file ".\CortexM0p\ARM_GCC_541\Debug\ADC_IRQ.o"
Deleting file ".\CortexM0p\ARM_GCC_541\Debug\ADC_intUabClock.o"
Deleting file ".\CortexM0p\ARM_GCC_541\Debug\EZI2C_SCBCLK.o"
Deleting file ".\CortexM0p\ARM_GCC_541\Debug\EZI2C_sda.o"
Deleting file ".\CortexM0p\ARM_GCC_541\Debug\EZI2C_sda_PM.o"
Deleting file ".\CortexM0p\ARM_GCC_541\Debug\EZI2C_scl.o"
Deleting file ".\CortexM0p\ARM_GCC_541\Debug\EZI2C_scl_PM.o"
Deleting file ".\CortexM0p\ARM_GCC_541\Debug\EZI2C_SCB_IRQ.o"
Deleting file ".\CortexM0p\ARM_GCC_541\Debug\Cm0plusStart.o"
Deleting file ".\CortexM0p\ARM_GCC_541\Debug\CyFlash.o"
Deleting file ".\CortexM0p\ARM_GCC_541\Debug\CyLib.o"
Deleting file ".\CortexM0p\ARM_GCC_541\Debug\cyPm.o"
Deleting file ".\CortexM0p\ARM_GCC_541\Debug\cyutils.o"
Deleting file ".\CortexM0p\ARM_GCC_541\Debug\CyBootAsmGnu.o"
Deleting file ".\CortexM0p\ARM_GCC_541\Debug\CyDMA.o"
Deleting file ".\CortexM0p\ARM_GCC_541\Debug\CyLFClk.o"
Deleting file ".\CortexM0p\ARM_GCC_541\Debug\Pin_LED_Green.o"
Deleting file ".\CortexM0p\ARM_GCC_541\Debug\Pin_LED_Green_PM.o"
Deleting file ".\CortexM0p\ARM_GCC_541\Debug\UART_1.o"
Deleting file ".\CortexM0p\ARM_GCC_541\Debug\UART_1_SPI_UART.o"
Deleting file ".\CortexM0p\ARM_GCC_541\Debug\UART_1_SPI_UART_INT.o"
Deleting file ".\CortexM0p\ARM_GCC_541\Debug\UART_1_PM.o"
Deleting file ".\CortexM0p\ARM_GCC_541\Debug\UART_1_UART.o"
Deleting file ".\CortexM0p\ARM_GCC_541\Debug\UART_1_BOOT.o"
Deleting file ".\CortexM0p\ARM_GCC_541\Debug\UART_1_UART_BOOT.o"
Deleting file ".\CortexM0p\ARM_GCC_541\Debug\UART_1_SCBCLK.o"
Deleting file ".\CortexM0p\ARM_GCC_541\Debug\UART_1_tx.o"
Deleting file ".\CortexM0p\ARM_GCC_541\Debug\UART_1_tx_PM.o"
Deleting file ".\CortexM0p\ARM_GCC_541\Debug\UART_1_rx.o"
Deleting file ".\CortexM0p\ARM_GCC_541\Debug\UART_1_rx_PM.o"
Deleting file ".\CortexM0p\ARM_GCC_541\Debug\Switch_1.o"
Deleting file ".\CortexM0p\ARM_GCC_541\Debug\Switch_1_PM.o"
Deleting file ".\CortexM0p\ARM_GCC_541\Debug\ISMART Thermostat.hex"
Deleting file ".\CortexM0p\ARM_GCC_541\Debug\ISMART Thermostat.elf"
Deleting file ".\CortexM0p\ARM_GCC_541\Debug\ISMART Thermostat.map"
Deleting file ".\ISMART Thermostat.cycdx"
Deleting file ".\ISMART Thermostat.rpt"
Deleting file ".\CortexM0p\ARM_GCC_541\Debug\.deps\SOURCE_C__ARM_GCC_GENERIC.P"
Deleting file ".\CortexM0p\ARM_GCC_541\Debug\.deps\SOURCE_ASM__ARM_GCC_GENERIC.P"
--------------- Clean Succeeded: 08/13/2017 16:06:14 ---------------
