--------------- Rebuild Started: 11/03/2017 12:12:25 Project: ISMART Thermostat, Configuration: ARM GCC 5.4-2016-q2-update Debug ---------------
Deleting file ".\CortexM0p\ARM_GCC_541\Debug\main.o"
Deleting file ".\CortexM0p\ARM_GCC_541\Debug\imatrix.o"
Deleting file ".\CortexM0p\ARM_GCC_541\Debug\time.o"
Deleting file ".\CortexM0p\ARM_GCC_541\Debug\controls.o"
Deleting file ".\CortexM0p\ARM_GCC_541\Debug\humdity.o"
Deleting file ".\CortexM0p\ARM_GCC_541\Debug\leds.o"
Deleting file ".\CortexM0p\ARM_GCC_541\Debug\lux.o"
Deleting file ".\CortexM0p\ARM_GCC_541\Debug\pir.o"
Deleting file ".\CortexM0p\ARM_GCC_541\Debug\sensors.o"
Deleting file ".\CortexM0p\ARM_GCC_541\Debug\switch_sensor.o"
Deleting file ".\CortexM0p\ARM_GCC_541\Debug\temp.o"
Deleting file ".\CortexM0p\ARM_GCC_541\Debug\thermostat.o"
Deleting file ".\CortexM0p\ARM_GCC_541\Debug\cyfitter_cfg.o"
Deleting file ".\CortexM0p\ARM_GCC_541\Debug\cymetadata.o"
Deleting file ".\CortexM0p\ARM_GCC_541\Debug\Pin_Vhi.o"
Deleting file ".\CortexM0p\ARM_GCC_541\Debug\Pin_Vhi_PM.o"
Deleting file ".\CortexM0p\ARM_GCC_541\Debug\Pin_Vtherm.o"
Deleting file ".\CortexM0p\ARM_GCC_541\Debug\Pin_Vtherm_PM.o"
Deleting file ".\CortexM0p\ARM_GCC_541\Debug\Pin_Vlow.o"
Deleting file ".\CortexM0p\ARM_GCC_541\Debug\Pin_Vlow_PM.o"
Deleting file ".\CortexM0p\ARM_GCC_541\Debug\Thermistor.o"
Deleting file ".\CortexM0p\ARM_GCC_541\Debug\ADC.o"
Deleting file ".\CortexM0p\ARM_GCC_541\Debug\ADC_PM.o"
Deleting file ".\CortexM0p\ARM_GCC_541\Debug\ADC_INIT.o"
Deleting file ".\CortexM0p\ARM_GCC_541\Debug\ADC_INT.o"
Deleting file ".\CortexM0p\ARM_GCC_541\Debug\Pin_Vref.o"
Deleting file ".\CortexM0p\ARM_GCC_541\Debug\Pin_Vref_PM.o"
Deleting file ".\CortexM0p\ARM_GCC_541\Debug\Pin_LED_Green.o"
Deleting file ".\CortexM0p\ARM_GCC_541\Debug\Pin_LED_Green_PM.o"
Deleting file ".\CortexM0p\ARM_GCC_541\Debug\Pin_LED_Red.o"
Deleting file ".\CortexM0p\ARM_GCC_541\Debug\Pin_LED_Red_PM.o"
Deleting file ".\CortexM0p\ARM_GCC_541\Debug\Pin_LED_Blue.o"
Deleting file ".\CortexM0p\ARM_GCC_541\Debug\Pin_LED_Blue_PM.o"
Deleting file ".\CortexM0p\ARM_GCC_541\Debug\UART_1.o"
Deleting file ".\CortexM0p\ARM_GCC_541\Debug\UART_1_SPI_UART.o"
Deleting file ".\CortexM0p\ARM_GCC_541\Debug\UART_1_SPI_UART_INT.o"
Deleting file ".\CortexM0p\ARM_GCC_541\Debug\UART_1_PM.o"
Deleting file ".\CortexM0p\ARM_GCC_541\Debug\UART_1_UART.o"
Deleting file ".\CortexM0p\ARM_GCC_541\Debug\UART_1_BOOT.o"
Deleting file ".\CortexM0p\ARM_GCC_541\Debug\UART_1_UART_BOOT.o"
Deleting file ".\CortexM0p\ARM_GCC_541\Debug\Switch_1.o"
Deleting file ".\CortexM0p\ARM_GCC_541\Debug\Switch_1_PM.o"
Deleting file ".\CortexM0p\ARM_GCC_541\Debug\CSD_Control.o"
Deleting file ".\CortexM0p\ARM_GCC_541\Debug\CSD_Processing.o"
Deleting file ".\CortexM0p\ARM_GCC_541\Debug\CSD_Structure.o"
Deleting file ".\CortexM0p\ARM_GCC_541\Debug\CSD_Tuner.o"
Deleting file ".\CortexM0p\ARM_GCC_541\Debug\CSD_Filter.o"
Deleting file ".\CortexM0p\ARM_GCC_541\Debug\CSD_Sensing.o"
Deleting file ".\CortexM0p\ARM_GCC_541\Debug\CSD_INT.o"
Deleting file ".\CortexM0p\ARM_GCC_541\Debug\CSD_SensingCSD_LL.o"
Deleting file ".\CortexM0p\ARM_GCC_541\Debug\Opamp_TIA_1.o"
Deleting file ".\CortexM0p\ARM_GCC_541\Debug\Opamp_TIA_1_PM.o"
Deleting file ".\CortexM0p\ARM_GCC_541\Debug\TIA_OUT_1.o"
Deleting file ".\CortexM0p\ARM_GCC_541\Debug\TIA_OUT_1_PM.o"
Deleting file ".\CortexM0p\ARM_GCC_541\Debug\TIA_IN_1.o"
Deleting file ".\CortexM0p\ARM_GCC_541\Debug\TIA_IN_1_PM.o"
Deleting file ".\CortexM0p\ARM_GCC_541\Debug\Pin_PIRRef.o"
Deleting file ".\CortexM0p\ARM_GCC_541\Debug\Pin_PIRRef_PM.o"
Deleting file ".\CortexM0p\ARM_GCC_541\Debug\Pin_PIR.o"
Deleting file ".\CortexM0p\ARM_GCC_541\Debug\Pin_PIR_PM.o"
Deleting file ".\CortexM0p\ARM_GCC_541\Debug\Pin_AmpOut.o"
Deleting file ".\CortexM0p\ARM_GCC_541\Debug\Pin_AmpOut_PM.o"
Deleting file ".\CortexM0p\ARM_GCC_541\Debug\PIRAmplifierStage1.o"
Deleting file ".\CortexM0p\ARM_GCC_541\Debug\PIRAmplifierStage1_PM.o"
Deleting file ".\CortexM0p\ARM_GCC_541\Debug\RefBuffer.o"
Deleting file ".\CortexM0p\ARM_GCC_541\Debug\RefBuffer_PM.o"
Deleting file ".\CortexM0p\ARM_GCC_541\Debug\PVref_1.o"
Deleting file ".\CortexM0p\ARM_GCC_541\Debug\PVref_1_PM.o"
Deleting file ".\CortexM0p\ARM_GCC_541\Debug\Pin_PGAIn.o"
Deleting file ".\CortexM0p\ARM_GCC_541\Debug\Pin_PGAIn_PM.o"
Deleting file ".\CortexM0p\ARM_GCC_541\Debug\PIRAmplifierStage2.o"
Deleting file ".\CortexM0p\ARM_GCC_541\Debug\PIRAmplifierStage2_PM.o"
Deleting file ".\CortexM0p\ARM_GCC_541\Debug\isr_Timebase5s.o"
Deleting file ".\CortexM0p\ARM_GCC_541\Debug\Clk_1kHz.o"
Deleting file ".\CortexM0p\ARM_GCC_541\Debug\Timebase5s.o"
Deleting file ".\CortexM0p\ARM_GCC_541\Debug\Timebase5s_PM.o"
Deleting file ".\CortexM0p\ARM_GCC_541\Debug\ADC_intSarClock.o"
Deleting file ".\CortexM0p\ARM_GCC_541\Debug\ADC_IRQ.o"
Deleting file ".\CortexM0p\ARM_GCC_541\Debug\ADC_intUabClock.o"
Deleting file ".\CortexM0p\ARM_GCC_541\Debug\UART_1_SCBCLK.o"
Deleting file ".\CortexM0p\ARM_GCC_541\Debug\UART_1_tx.o"
Deleting file ".\CortexM0p\ARM_GCC_541\Debug\UART_1_tx_PM.o"
Deleting file ".\CortexM0p\ARM_GCC_541\Debug\UART_1_rx.o"
Deleting file ".\CortexM0p\ARM_GCC_541\Debug\UART_1_rx_PM.o"
Deleting file ".\CortexM0p\ARM_GCC_541\Debug\CSD_ISR.o"
Deleting file ".\CortexM0p\ARM_GCC_541\Debug\Cm0plusStart.o"
Deleting file ".\CortexM0p\ARM_GCC_541\Debug\CyFlash.o"
Deleting file ".\CortexM0p\ARM_GCC_541\Debug\CyLib.o"
Deleting file ".\CortexM0p\ARM_GCC_541\Debug\cyPm.o"
Deleting file ".\CortexM0p\ARM_GCC_541\Debug\cyutils.o"
Deleting file ".\CortexM0p\ARM_GCC_541\Debug\CyBootAsmGnu.o"
Deleting file ".\CortexM0p\ARM_GCC_541\Debug\CyDMA.o"
Deleting file ".\CortexM0p\ARM_GCC_541\Debug\CyLFClk.o"
Deleting file ".\CortexM0p\ARM_GCC_541\Debug\System_Timer.o"
Deleting file ".\CortexM0p\ARM_GCC_541\Debug\System_Timer_PM.o"
Deleting file ".\CortexM0p\ARM_GCC_541\Debug\Clock_1.o"
Deleting file ".\CortexM0p\ARM_GCC_541\Debug\isr_counter.o"
Deleting file ".\CortexM0p\ARM_GCC_541\Debug\ISMART Thermostat.hex"
Deleting file ".\CortexM0p\ARM_GCC_541\Debug\ISMART Thermostat.elf"
Deleting file ".\CortexM0p\ARM_GCC_541\Debug\ISMART Thermostat.map"
Deleting file ".\ISMART Thermostat.cycdx"
Deleting file ".\ISMART Thermostat.rpt"
Deleting file ".\CortexM0p\ARM_GCC_541\Debug\.deps\SOURCE_C__ARM_GCC_GENERIC.P"
Deleting file ".\CortexM0p\ARM_GCC_541\Debug\.deps\SOURCE_ASM__ARM_GCC_GENERIC.P"
cydsfit.exe -.appdatapath "C:\Users\greg.phillips\AppData\Local\Cypress Semiconductor\PSoC Creator\4.1" -.fdsnotice -.fdswarpdepfile=warp_dependencies.txt -.fdselabdepfile=elab_dependencies.txt -.fdsbldfile=generated_files.txt -.fdsreffile=referenced_files.txt -p "C:\Users\greg.phillips\Documents\PSoC Designs\Thermostat\ISMART Thermostat.cydsn\ISMART Thermostat.cyprj" -d CY8C4A45LQI-483 -s "C:\Users\greg.phillips\Documents\PSoC Designs\Thermostat\ISMART Thermostat.cydsn\Generated_Source\PSoC4" -- -yv2 -q10 -ygs -o2 -v3 -.fftcfgtype=LE
Elaborating Design...
HDL Generation...
Synthesis...
Tech Mapping...
Analog Placement...
Analog Routing...
Analog Code Generation...
Digital Placement...
Digital Routing...
Bitstream Generation...
Bitstream Verification...
Static timing analysis...
API Generation...
Dependency Generation...
Cleanup...
arm-none-eabi-gcc.exe -c main.c -o .\CortexM0p\ARM_GCC_541\Debug\main.o -mcpu=cortex-m0plus -mthumb -I. -IGenerated_Source\PSoC4 -Wa,-alh=.\CortexM0p\ARM_GCC_541\Debug/main.lst -g -D DEBUG -Wall -ffunction-sections -ffat-lto-objects -Og
arm-none-eabi-gcc.exe -c imatrix.c -o .\CortexM0p\ARM_GCC_541\Debug\imatrix.o -mcpu=cortex-m0plus -mthumb -I. -IGenerated_Source\PSoC4 -Wa,-alh=.\CortexM0p\ARM_GCC_541\Debug/imatrix.lst -g -D DEBUG -Wall -ffunction-sections -ffat-lto-objects -Og
imatrix.c: In function 'get_AT_response':
imatrix.c:257:41: warning: variable 'start_time' set but not used [-Wunused-but-set-variable]
     volatile uint32_t uart_data, count, start_time;
                                         ^
arm-none-eabi-gcc.exe -c time.c -o .\CortexM0p\ARM_GCC_541\Debug\time.o -mcpu=cortex-m0plus -mthumb -I. -IGenerated_Source\PSoC4 -Wa,-alh=.\CortexM0p\ARM_GCC_541\Debug/time.lst -g -D DEBUG -Wall -ffunction-sections -ffat-lto-objects -Og
arm-none-eabi-gcc.exe -c controls.c -o .\CortexM0p\ARM_GCC_541\Debug\controls.o -mcpu=cortex-m0plus -mthumb -I. -IGenerated_Source\PSoC4 -Wa,-alh=.\CortexM0p\ARM_GCC_541\Debug/controls.lst -g -D DEBUG -Wall -ffunction-sections -ffat-lto-objects -Og
arm-none-eabi-gcc.exe -c humdity.c -o .\CortexM0p\ARM_GCC_541\Debug\humdity.o -mcpu=cortex-m0plus -mthumb -I. -IGenerated_Source\PSoC4 -Wa,-alh=.\CortexM0p\ARM_GCC_541\Debug/humdity.lst -g -D DEBUG -Wall -ffunction-sections -ffat-lto-objects -Og
arm-none-eabi-gcc.exe -c leds.c -o .\CortexM0p\ARM_GCC_541\Debug\leds.o -mcpu=cortex-m0plus -mthumb -I. -IGenerated_Source\PSoC4 -Wa,-alh=.\CortexM0p\ARM_GCC_541\Debug/leds.lst -g -D DEBUG -Wall -ffunction-sections -ffat-lto-objects -Og
arm-none-eabi-gcc.exe -c lux.c -o .\CortexM0p\ARM_GCC_541\Debug\lux.o -mcpu=cortex-m0plus -mthumb -I. -IGenerated_Source\PSoC4 -Wa,-alh=.\CortexM0p\ARM_GCC_541\Debug/lux.lst -g -D DEBUG -Wall -ffunction-sections -ffat-lto-objects -Og
arm-none-eabi-gcc.exe -c pir.c -o .\CortexM0p\ARM_GCC_541\Debug\pir.o -mcpu=cortex-m0plus -mthumb -I. -IGenerated_Source\PSoC4 -Wa,-alh=.\CortexM0p\ARM_GCC_541\Debug/pir.lst -g -D DEBUG -Wall -ffunction-sections -ffat-lto-objects -Og
arm-none-eabi-gcc.exe -c sensors.c -o .\CortexM0p\ARM_GCC_541\Debug\sensors.o -mcpu=cortex-m0plus -mthumb -I. -IGenerated_Source\PSoC4 -Wa,-alh=.\CortexM0p\ARM_GCC_541\Debug/sensors.lst -g -D DEBUG -Wall -ffunction-sections -ffat-lto-objects -Og
arm-none-eabi-gcc.exe -c switch_sensor.c -o .\CortexM0p\ARM_GCC_541\Debug\switch_sensor.o -mcpu=cortex-m0plus -mthumb -I. -IGenerated_Source\PSoC4 -Wa,-alh=.\CortexM0p\ARM_GCC_541\Debug/switch_sensor.lst -g -D DEBUG -Wall -ffunction-sections -ffat-lto-objects -Og
arm-none-eabi-gcc.exe -c temp.c -o .\CortexM0p\ARM_GCC_541\Debug\temp.o -mcpu=cortex-m0plus -mthumb -I. -IGenerated_Source\PSoC4 -Wa,-alh=.\CortexM0p\ARM_GCC_541\Debug/temp.lst -g -D DEBUG -Wall -ffunction-sections -ffat-lto-objects -Og
arm-none-eabi-gcc.exe -c thermostat.c -o .\CortexM0p\ARM_GCC_541\Debug\thermostat.o -mcpu=cortex-m0plus -mthumb -I. -IGenerated_Source\PSoC4 -Wa,-alh=.\CortexM0p\ARM_GCC_541\Debug/thermostat.lst -g -D DEBUG -Wall -ffunction-sections -ffat-lto-objects -Og
arm-none-eabi-gcc.exe -c Generated_Source\PSoC4\cyfitter_cfg.c -o .\CortexM0p\ARM_GCC_541\Debug\cyfitter_cfg.o -mcpu=cortex-m0plus -mthumb -I. -IGenerated_Source\PSoC4 -Wa,-alh=.\CortexM0p\ARM_GCC_541\Debug/cyfitter_cfg.lst -g -D DEBUG -Wall -ffunction-sections -ffat-lto-objects -Og
arm-none-eabi-gcc.exe -c Generated_Source\PSoC4\cymetadata.c -o .\CortexM0p\ARM_GCC_541\Debug\cymetadata.o -mcpu=cortex-m0plus -mthumb -I. -IGenerated_Source\PSoC4 -Wa,-alh=.\CortexM0p\ARM_GCC_541\Debug/cymetadata.lst -g -D DEBUG -Wall -ffunction-sections -ffat-lto-objects -Og
arm-none-eabi-gcc.exe -c Generated_Source\PSoC4\Pin_Vhi.c -o .\CortexM0p\ARM_GCC_541\Debug\Pin_Vhi.o -mcpu=cortex-m0plus -mthumb -I. -IGenerated_Source\PSoC4 -Wa,-alh=.\CortexM0p\ARM_GCC_541\Debug/Pin_Vhi.lst -g -D DEBUG -Wall -ffunction-sections -ffat-lto-objects -Og
arm-none-eabi-gcc.exe -c Generated_Source\PSoC4\Pin_Vhi_PM.c -o .\CortexM0p\ARM_GCC_541\Debug\Pin_Vhi_PM.o -mcpu=cortex-m0plus -mthumb -I. -IGenerated_Source\PSoC4 -Wa,-alh=.\CortexM0p\ARM_GCC_541\Debug/Pin_Vhi_PM.lst -g -D DEBUG -Wall -ffunction-sections -ffat-lto-objects -Og
arm-none-eabi-gcc.exe -c Generated_Source\PSoC4\Pin_Vtherm.c -o .\CortexM0p\ARM_GCC_541\Debug\Pin_Vtherm.o -mcpu=cortex-m0plus -mthumb -I. -IGenerated_Source\PSoC4 -Wa,-alh=.\CortexM0p\ARM_GCC_541\Debug/Pin_Vtherm.lst -g -D DEBUG -Wall -ffunction-sections -ffat-lto-objects -Og
arm-none-eabi-gcc.exe -c Generated_Source\PSoC4\Pin_Vtherm_PM.c -o .\CortexM0p\ARM_GCC_541\Debug\Pin_Vtherm_PM.o -mcpu=cortex-m0plus -mthumb -I. -IGenerated_Source\PSoC4 -Wa,-alh=.\CortexM0p\ARM_GCC_541\Debug/Pin_Vtherm_PM.lst -g -D DEBUG -Wall -ffunction-sections -ffat-lto-objects -Og
arm-none-eabi-gcc.exe -c Generated_Source\PSoC4\Pin_Vlow.c -o .\CortexM0p\ARM_GCC_541\Debug\Pin_Vlow.o -mcpu=cortex-m0plus -mthumb -I. -IGenerated_Source\PSoC4 -Wa,-alh=.\CortexM0p\ARM_GCC_541\Debug/Pin_Vlow.lst -g -D DEBUG -Wall -ffunction-sections -ffat-lto-objects -Og
arm-none-eabi-gcc.exe -c Generated_Source\PSoC4\Pin_Vlow_PM.c -o .\CortexM0p\ARM_GCC_541\Debug\Pin_Vlow_PM.o -mcpu=cortex-m0plus -mthumb -I. -IGenerated_Source\PSoC4 -Wa,-alh=.\CortexM0p\ARM_GCC_541\Debug/Pin_Vlow_PM.lst -g -D DEBUG -Wall -ffunction-sections -ffat-lto-objects -Og
arm-none-eabi-gcc.exe -c Generated_Source\PSoC4\Thermistor.c -o .\CortexM0p\ARM_GCC_541\Debug\Thermistor.o -mcpu=cortex-m0plus -mthumb -I. -IGenerated_Source\PSoC4 -Wa,-alh=.\CortexM0p\ARM_GCC_541\Debug/Thermistor.lst -g -D DEBUG -Wall -ffunction-sections -ffat-lto-objects -Og
arm-none-eabi-gcc.exe -c Generated_Source\PSoC4\ADC.c -o .\CortexM0p\ARM_GCC_541\Debug\ADC.o -mcpu=cortex-m0plus -mthumb -I. -IGenerated_Source\PSoC4 -Wa,-alh=.\CortexM0p\ARM_GCC_541\Debug/ADC.lst -g -D DEBUG -Wall -ffunction-sections -ffat-lto-objects -Og
arm-none-eabi-gcc.exe -c Generated_Source\PSoC4\ADC_PM.c -o .\CortexM0p\ARM_GCC_541\Debug\ADC_PM.o -mcpu=cortex-m0plus -mthumb -I. -IGenerated_Source\PSoC4 -Wa,-alh=.\CortexM0p\ARM_GCC_541\Debug/ADC_PM.lst -g -D DEBUG -Wall -ffunction-sections -ffat-lto-objects -Og
arm-none-eabi-gcc.exe -c Generated_Source\PSoC4\ADC_INIT.c -o .\CortexM0p\ARM_GCC_541\Debug\ADC_INIT.o -mcpu=cortex-m0plus -mthumb -I. -IGenerated_Source\PSoC4 -Wa,-alh=.\CortexM0p\ARM_GCC_541\Debug/ADC_INIT.lst -g -D DEBUG -Wall -ffunction-sections -ffat-lto-objects -Og
arm-none-eabi-gcc.exe -c Generated_Source\PSoC4\ADC_INT.c -o .\CortexM0p\ARM_GCC_541\Debug\ADC_INT.o -mcpu=cortex-m0plus -mthumb -I. -IGenerated_Source\PSoC4 -Wa,-alh=.\CortexM0p\ARM_GCC_541\Debug/ADC_INT.lst -g -D DEBUG -Wall -ffunction-sections -ffat-lto-objects -Og
arm-none-eabi-gcc.exe -c Generated_Source\PSoC4\Pin_Vref.c -o .\CortexM0p\ARM_GCC_541\Debug\Pin_Vref.o -mcpu=cortex-m0plus -mthumb -I. -IGenerated_Source\PSoC4 -Wa,-alh=.\CortexM0p\ARM_GCC_541\Debug/Pin_Vref.lst -g -D DEBUG -Wall -ffunction-sections -ffat-lto-objects -Og
arm-none-eabi-gcc.exe -c Generated_Source\PSoC4\Pin_Vref_PM.c -o .\CortexM0p\ARM_GCC_541\Debug\Pin_Vref_PM.o -mcpu=cortex-m0plus -mthumb -I. -IGenerated_Source\PSoC4 -Wa,-alh=.\CortexM0p\ARM_GCC_541\Debug/Pin_Vref_PM.lst -g -D DEBUG -Wall -ffunction-sections -ffat-lto-objects -Og
arm-none-eabi-gcc.exe -c Generated_Source\PSoC4\Pin_LED_Green.c -o .\CortexM0p\ARM_GCC_541\Debug\Pin_LED_Green.o -mcpu=cortex-m0plus -mthumb -I. -IGenerated_Source\PSoC4 -Wa,-alh=.\CortexM0p\ARM_GCC_541\Debug/Pin_LED_Green.lst -g -D DEBUG -Wall -ffunction-sections -ffat-lto-objects -Og
arm-none-eabi-gcc.exe -c Generated_Source\PSoC4\Pin_LED_Green_PM.c -o .\CortexM0p\ARM_GCC_541\Debug\Pin_LED_Green_PM.o -mcpu=cortex-m0plus -mthumb -I. -IGenerated_Source\PSoC4 -Wa,-alh=.\CortexM0p\ARM_GCC_541\Debug/Pin_LED_Green_PM.lst -g -D DEBUG -Wall -ffunction-sections -ffat-lto-objects -Og
arm-none-eabi-gcc.exe -c Generated_Source\PSoC4\Pin_LED_Red.c -o .\CortexM0p\ARM_GCC_541\Debug\Pin_LED_Red.o -mcpu=cortex-m0plus -mthumb -I. -IGenerated_Source\PSoC4 -Wa,-alh=.\CortexM0p\ARM_GCC_541\Debug/Pin_LED_Red.lst -g -D DEBUG -Wall -ffunction-sections -ffat-lto-objects -Og
arm-none-eabi-gcc.exe -c Generated_Source\PSoC4\Pin_LED_Red_PM.c -o .\CortexM0p\ARM_GCC_541\Debug\Pin_LED_Red_PM.o -mcpu=cortex-m0plus -mthumb -I. -IGenerated_Source\PSoC4 -Wa,-alh=.\CortexM0p\ARM_GCC_541\Debug/Pin_LED_Red_PM.lst -g -D DEBUG -Wall -ffunction-sections -ffat-lto-objects -Og
arm-none-eabi-gcc.exe -c Generated_Source\PSoC4\Pin_LED_Blue.c -o .\CortexM0p\ARM_GCC_541\Debug\Pin_LED_Blue.o -mcpu=cortex-m0plus -mthumb -I. -IGenerated_Source\PSoC4 -Wa,-alh=.\CortexM0p\ARM_GCC_541\Debug/Pin_LED_Blue.lst -g -D DEBUG -Wall -ffunction-sections -ffat-lto-objects -Og
arm-none-eabi-gcc.exe -c Generated_Source\PSoC4\Pin_LED_Blue_PM.c -o .\CortexM0p\ARM_GCC_541\Debug\Pin_LED_Blue_PM.o -mcpu=cortex-m0plus -mthumb -I. -IGenerated_Source\PSoC4 -Wa,-alh=.\CortexM0p\ARM_GCC_541\Debug/Pin_LED_Blue_PM.lst -g -D DEBUG -Wall -ffunction-sections -ffat-lto-objects -Og
arm-none-eabi-gcc.exe -c Generated_Source\PSoC4\UART_1.c -o .\CortexM0p\ARM_GCC_541\Debug\UART_1.o -mcpu=cortex-m0plus -mthumb -I. -IGenerated_Source\PSoC4 -Wa,-alh=.\CortexM0p\ARM_GCC_541\Debug/UART_1.lst -g -D DEBUG -Wall -ffunction-sections -ffat-lto-objects -Og
arm-none-eabi-gcc.exe -c Generated_Source\PSoC4\UART_1_SPI_UART.c -o .\CortexM0p\ARM_GCC_541\Debug\UART_1_SPI_UART.o -mcpu=cortex-m0plus -mthumb -I. -IGenerated_Source\PSoC4 -Wa,-alh=.\CortexM0p\ARM_GCC_541\Debug/UART_1_SPI_UART.lst -g -D DEBUG -Wall -ffunction-sections -ffat-lto-objects -Og
arm-none-eabi-gcc.exe -c Generated_Source\PSoC4\UART_1_SPI_UART_INT.c -o .\CortexM0p\ARM_GCC_541\Debug\UART_1_SPI_UART_INT.o -mcpu=cortex-m0plus -mthumb -I. -IGenerated_Source\PSoC4 -Wa,-alh=.\CortexM0p\ARM_GCC_541\Debug/UART_1_SPI_UART_INT.lst -g -D DEBUG -Wall -ffunction-sections -ffat-lto-objects -Og
arm-none-eabi-gcc.exe -c Generated_Source\PSoC4\UART_1_PM.c -o .\CortexM0p\ARM_GCC_541\Debug\UART_1_PM.o -mcpu=cortex-m0plus -mthumb -I. -IGenerated_Source\PSoC4 -Wa,-alh=.\CortexM0p\ARM_GCC_541\Debug/UART_1_PM.lst -g -D DEBUG -Wall -ffunction-sections -ffat-lto-objects -Og
arm-none-eabi-gcc.exe -c Generated_Source\PSoC4\UART_1_UART.c -o .\CortexM0p\ARM_GCC_541\Debug\UART_1_UART.o -mcpu=cortex-m0plus -mthumb -I. -IGenerated_Source\PSoC4 -Wa,-alh=.\CortexM0p\ARM_GCC_541\Debug/UART_1_UART.lst -g -D DEBUG -Wall -ffunction-sections -ffat-lto-objects -Og
arm-none-eabi-gcc.exe -c Generated_Source\PSoC4\UART_1_BOOT.c -o .\CortexM0p\ARM_GCC_541\Debug\UART_1_BOOT.o -mcpu=cortex-m0plus -mthumb -I. -IGenerated_Source\PSoC4 -Wa,-alh=.\CortexM0p\ARM_GCC_541\Debug/UART_1_BOOT.lst -g -D DEBUG -Wall -ffunction-sections -ffat-lto-objects -Og
arm-none-eabi-gcc.exe -c Generated_Source\PSoC4\UART_1_UART_BOOT.c -o .\CortexM0p\ARM_GCC_541\Debug\UART_1_UART_BOOT.o -mcpu=cortex-m0plus -mthumb -I. -IGenerated_Source\PSoC4 -Wa,-alh=.\CortexM0p\ARM_GCC_541\Debug/UART_1_UART_BOOT.lst -g -D DEBUG -Wall -ffunction-sections -ffat-lto-objects -Og
arm-none-eabi-gcc.exe -c Generated_Source\PSoC4\Switch_1.c -o .\CortexM0p\ARM_GCC_541\Debug\Switch_1.o -mcpu=cortex-m0plus -mthumb -I. -IGenerated_Source\PSoC4 -Wa,-alh=.\CortexM0p\ARM_GCC_541\Debug/Switch_1.lst -g -D DEBUG -Wall -ffunction-sections -ffat-lto-objects -Og
arm-none-eabi-gcc.exe -c Generated_Source\PSoC4\Switch_1_PM.c -o .\CortexM0p\ARM_GCC_541\Debug\Switch_1_PM.o -mcpu=cortex-m0plus -mthumb -I. -IGenerated_Source\PSoC4 -Wa,-alh=.\CortexM0p\ARM_GCC_541\Debug/Switch_1_PM.lst -g -D DEBUG -Wall -ffunction-sections -ffat-lto-objects -Og
arm-none-eabi-gcc.exe -c Generated_Source\PSoC4\CSD_Control.c -o .\CortexM0p\ARM_GCC_541\Debug\CSD_Control.o -mcpu=cortex-m0plus -mthumb -I. -IGenerated_Source\PSoC4 -Wa,-alh=.\CortexM0p\ARM_GCC_541\Debug/CSD_Control.lst -g -D DEBUG -Wall -ffunction-sections -ffat-lto-objects -Og
arm-none-eabi-gcc.exe -c Generated_Source\PSoC4\CSD_Processing.c -o .\CortexM0p\ARM_GCC_541\Debug\CSD_Processing.o -mcpu=cortex-m0plus -mthumb -I. -IGenerated_Source\PSoC4 -Wa,-alh=.\CortexM0p\ARM_GCC_541\Debug/CSD_Processing.lst -g -D DEBUG -Wall -ffunction-sections -ffat-lto-objects -Og
arm-none-eabi-gcc.exe -c Generated_Source\PSoC4\CSD_Structure.c -o .\CortexM0p\ARM_GCC_541\Debug\CSD_Structure.o -mcpu=cortex-m0plus -mthumb -I. -IGenerated_Source\PSoC4 -Wa,-alh=.\CortexM0p\ARM_GCC_541\Debug/CSD_Structure.lst -g -D DEBUG -Wall -ffunction-sections -ffat-lto-objects -Og
arm-none-eabi-gcc.exe -c Generated_Source\PSoC4\CSD_Tuner.c -o .\CortexM0p\ARM_GCC_541\Debug\CSD_Tuner.o -mcpu=cortex-m0plus -mthumb -I. -IGenerated_Source\PSoC4 -Wa,-alh=.\CortexM0p\ARM_GCC_541\Debug/CSD_Tuner.lst -g -D DEBUG -Wall -ffunction-sections -ffat-lto-objects -Og
arm-none-eabi-gcc.exe -c Generated_Source\PSoC4\CSD_Filter.c -o .\CortexM0p\ARM_GCC_541\Debug\CSD_Filter.o -mcpu=cortex-m0plus -mthumb -I. -IGenerated_Source\PSoC4 -Wa,-alh=.\CortexM0p\ARM_GCC_541\Debug/CSD_Filter.lst -g -D DEBUG -Wall -ffunction-sections -ffat-lto-objects -Og
arm-none-eabi-gcc.exe -c Generated_Source\PSoC4\CSD_Sensing.c -o .\CortexM0p\ARM_GCC_541\Debug\CSD_Sensing.o -mcpu=cortex-m0plus -mthumb -I. -IGenerated_Source\PSoC4 -Wa,-alh=.\CortexM0p\ARM_GCC_541\Debug/CSD_Sensing.lst -g -D DEBUG -Wall -ffunction-sections -ffat-lto-objects -Og
arm-none-eabi-gcc.exe -c Generated_Source\PSoC4\CSD_INT.c -o .\CortexM0p\ARM_GCC_541\Debug\CSD_INT.o -mcpu=cortex-m0plus -mthumb -I. -IGenerated_Source\PSoC4 -Wa,-alh=.\CortexM0p\ARM_GCC_541\Debug/CSD_INT.lst -g -D DEBUG -Wall -ffunction-sections -ffat-lto-objects -Og
arm-none-eabi-gcc.exe -c Generated_Source\PSoC4\CSD_SensingCSD_LL.c -o .\CortexM0p\ARM_GCC_541\Debug\CSD_SensingCSD_LL.o -mcpu=cortex-m0plus -mthumb -I. -IGenerated_Source\PSoC4 -Wa,-alh=.\CortexM0p\ARM_GCC_541\Debug/CSD_SensingCSD_LL.lst -g -D DEBUG -Wall -ffunction-sections -ffat-lto-objects -Og
arm-none-eabi-gcc.exe -c Generated_Source\PSoC4\Opamp_TIA_1.c -o .\CortexM0p\ARM_GCC_541\Debug\Opamp_TIA_1.o -mcpu=cortex-m0plus -mthumb -I. -IGenerated_Source\PSoC4 -Wa,-alh=.\CortexM0p\ARM_GCC_541\Debug/Opamp_TIA_1.lst -g -D DEBUG -Wall -ffunction-sections -ffat-lto-objects -Og
arm-none-eabi-gcc.exe -c Generated_Source\PSoC4\Opamp_TIA_1_PM.c -o .\CortexM0p\ARM_GCC_541\Debug\Opamp_TIA_1_PM.o -mcpu=cortex-m0plus -mthumb -I. -IGenerated_Source\PSoC4 -Wa,-alh=.\CortexM0p\ARM_GCC_541\Debug/Opamp_TIA_1_PM.lst -g -D DEBUG -Wall -ffunction-sections -ffat-lto-objects -Og
arm-none-eabi-gcc.exe -c Generated_Source\PSoC4\TIA_OUT_1.c -o .\CortexM0p\ARM_GCC_541\Debug\TIA_OUT_1.o -mcpu=cortex-m0plus -mthumb -I. -IGenerated_Source\PSoC4 -Wa,-alh=.\CortexM0p\ARM_GCC_541\Debug/TIA_OUT_1.lst -g -D DEBUG -Wall -ffunction-sections -ffat-lto-objects -Og
arm-none-eabi-gcc.exe -c Generated_Source\PSoC4\TIA_OUT_1_PM.c -o .\CortexM0p\ARM_GCC_541\Debug\TIA_OUT_1_PM.o -mcpu=cortex-m0plus -mthumb -I. -IGenerated_Source\PSoC4 -Wa,-alh=.\CortexM0p\ARM_GCC_541\Debug/TIA_OUT_1_PM.lst -g -D DEBUG -Wall -ffunction-sections -ffat-lto-objects -Og
arm-none-eabi-gcc.exe -c Generated_Source\PSoC4\TIA_IN_1.c -o .\CortexM0p\ARM_GCC_541\Debug\TIA_IN_1.o -mcpu=cortex-m0plus -mthumb -I. -IGenerated_Source\PSoC4 -Wa,-alh=.\CortexM0p\ARM_GCC_541\Debug/TIA_IN_1.lst -g -D DEBUG -Wall -ffunction-sections -ffat-lto-objects -Og
arm-none-eabi-gcc.exe -c Generated_Source\PSoC4\TIA_IN_1_PM.c -o .\CortexM0p\ARM_GCC_541\Debug\TIA_IN_1_PM.o -mcpu=cortex-m0plus -mthumb -I. -IGenerated_Source\PSoC4 -Wa,-alh=.\CortexM0p\ARM_GCC_541\Debug/TIA_IN_1_PM.lst -g -D DEBUG -Wall -ffunction-sections -ffat-lto-objects -Og
arm-none-eabi-gcc.exe -c Generated_Source\PSoC4\Pin_PIRRef.c -o .\CortexM0p\ARM_GCC_541\Debug\Pin_PIRRef.o -mcpu=cortex-m0plus -mthumb -I. -IGenerated_Source\PSoC4 -Wa,-alh=.\CortexM0p\ARM_GCC_541\Debug/Pin_PIRRef.lst -g -D DEBUG -Wall -ffunction-sections -ffat-lto-objects -Og
arm-none-eabi-gcc.exe -c Generated_Source\PSoC4\Pin_PIRRef_PM.c -o .\CortexM0p\ARM_GCC_541\Debug\Pin_PIRRef_PM.o -mcpu=cortex-m0plus -mthumb -I. -IGenerated_Source\PSoC4 -Wa,-alh=.\CortexM0p\ARM_GCC_541\Debug/Pin_PIRRef_PM.lst -g -D DEBUG -Wall -ffunction-sections -ffat-lto-objects -Og
arm-none-eabi-gcc.exe -c Generated_Source\PSoC4\Pin_PIR.c -o .\CortexM0p\ARM_GCC_541\Debug\Pin_PIR.o -mcpu=cortex-m0plus -mthumb -I. -IGenerated_Source\PSoC4 -Wa,-alh=.\CortexM0p\ARM_GCC_541\Debug/Pin_PIR.lst -g -D DEBUG -Wall -ffunction-sections -ffat-lto-objects -Og
arm-none-eabi-gcc.exe -c Generated_Source\PSoC4\Pin_PIR_PM.c -o .\CortexM0p\ARM_GCC_541\Debug\Pin_PIR_PM.o -mcpu=cortex-m0plus -mthumb -I. -IGenerated_Source\PSoC4 -Wa,-alh=.\CortexM0p\ARM_GCC_541\Debug/Pin_PIR_PM.lst -g -D DEBUG -Wall -ffunction-sections -ffat-lto-objects -Og
arm-none-eabi-gcc.exe -c Generated_Source\PSoC4\Pin_AmpOut.c -o .\CortexM0p\ARM_GCC_541\Debug\Pin_AmpOut.o -mcpu=cortex-m0plus -mthumb -I. -IGenerated_Source\PSoC4 -Wa,-alh=.\CortexM0p\ARM_GCC_541\Debug/Pin_AmpOut.lst -g -D DEBUG -Wall -ffunction-sections -ffat-lto-objects -Og
arm-none-eabi-gcc.exe -c Generated_Source\PSoC4\Pin_AmpOut_PM.c -o .\CortexM0p\ARM_GCC_541\Debug\Pin_AmpOut_PM.o -mcpu=cortex-m0plus -mthumb -I. -IGenerated_Source\PSoC4 -Wa,-alh=.\CortexM0p\ARM_GCC_541\Debug/Pin_AmpOut_PM.lst -g -D DEBUG -Wall -ffunction-sections -ffat-lto-objects -Og
arm-none-eabi-gcc.exe -c Generated_Source\PSoC4\PIRAmplifierStage1.c -o .\CortexM0p\ARM_GCC_541\Debug\PIRAmplifierStage1.o -mcpu=cortex-m0plus -mthumb -I. -IGenerated_Source\PSoC4 -Wa,-alh=.\CortexM0p\ARM_GCC_541\Debug/PIRAmplifierStage1.lst -g -D DEBUG -Wall -ffunction-sections -ffat-lto-objects -Og
arm-none-eabi-gcc.exe -c Generated_Source\PSoC4\PIRAmplifierStage1_PM.c -o .\CortexM0p\ARM_GCC_541\Debug\PIRAmplifierStage1_PM.o -mcpu=cortex-m0plus -mthumb -I. -IGenerated_Source\PSoC4 -Wa,-alh=.\CortexM0p\ARM_GCC_541\Debug/PIRAmplifierStage1_PM.lst -g -D DEBUG -Wall -ffunction-sections -ffat-lto-objects -Og
arm-none-eabi-gcc.exe -c Generated_Source\PSoC4\RefBuffer.c -o .\CortexM0p\ARM_GCC_541\Debug\RefBuffer.o -mcpu=cortex-m0plus -mthumb -I. -IGenerated_Source\PSoC4 -Wa,-alh=.\CortexM0p\ARM_GCC_541\Debug/RefBuffer.lst -g -D DEBUG -Wall -ffunction-sections -ffat-lto-objects -Og
arm-none-eabi-gcc.exe -c Generated_Source\PSoC4\RefBuffer_PM.c -o .\CortexM0p\ARM_GCC_541\Debug\RefBuffer_PM.o -mcpu=cortex-m0plus -mthumb -I. -IGenerated_Source\PSoC4 -Wa,-alh=.\CortexM0p\ARM_GCC_541\Debug/RefBuffer_PM.lst -g -D DEBUG -Wall -ffunction-sections -ffat-lto-objects -Og
arm-none-eabi-gcc.exe -c Generated_Source\PSoC4\PVref_1.c -o .\CortexM0p\ARM_GCC_541\Debug\PVref_1.o -mcpu=cortex-m0plus -mthumb -I. -IGenerated_Source\PSoC4 -Wa,-alh=.\CortexM0p\ARM_GCC_541\Debug/PVref_1.lst -g -D DEBUG -Wall -ffunction-sections -ffat-lto-objects -Og
arm-none-eabi-gcc.exe -c Generated_Source\PSoC4\PVref_1_PM.c -o .\CortexM0p\ARM_GCC_541\Debug\PVref_1_PM.o -mcpu=cortex-m0plus -mthumb -I. -IGenerated_Source\PSoC4 -Wa,-alh=.\CortexM0p\ARM_GCC_541\Debug/PVref_1_PM.lst -g -D DEBUG -Wall -ffunction-sections -ffat-lto-objects -Og
arm-none-eabi-gcc.exe -c Generated_Source\PSoC4\Pin_PGAIn.c -o .\CortexM0p\ARM_GCC_541\Debug\Pin_PGAIn.o -mcpu=cortex-m0plus -mthumb -I. -IGenerated_Source\PSoC4 -Wa,-alh=.\CortexM0p\ARM_GCC_541\Debug/Pin_PGAIn.lst -g -D DEBUG -Wall -ffunction-sections -ffat-lto-objects -Og
arm-none-eabi-gcc.exe -c Generated_Source\PSoC4\Pin_PGAIn_PM.c -o .\CortexM0p\ARM_GCC_541\Debug\Pin_PGAIn_PM.o -mcpu=cortex-m0plus -mthumb -I. -IGenerated_Source\PSoC4 -Wa,-alh=.\CortexM0p\ARM_GCC_541\Debug/Pin_PGAIn_PM.lst -g -D DEBUG -Wall -ffunction-sections -ffat-lto-objects -Og
arm-none-eabi-gcc.exe -c Generated_Source\PSoC4\PIRAmplifierStage2.c -o .\CortexM0p\ARM_GCC_541\Debug\PIRAmplifierStage2.o -mcpu=cortex-m0plus -mthumb -I. -IGenerated_Source\PSoC4 -Wa,-alh=.\CortexM0p\ARM_GCC_541\Debug/PIRAmplifierStage2.lst -g -D DEBUG -Wall -ffunction-sections -ffat-lto-objects -Og
arm-none-eabi-gcc.exe -c Generated_Source\PSoC4\PIRAmplifierStage2_PM.c -o .\CortexM0p\ARM_GCC_541\Debug\PIRAmplifierStage2_PM.o -mcpu=cortex-m0plus -mthumb -I. -IGenerated_Source\PSoC4 -Wa,-alh=.\CortexM0p\ARM_GCC_541\Debug/PIRAmplifierStage2_PM.lst -g -D DEBUG -Wall -ffunction-sections -ffat-lto-objects -Og
arm-none-eabi-gcc.exe -c Generated_Source\PSoC4\isr_Timebase5s.c -o .\CortexM0p\ARM_GCC_541\Debug\isr_Timebase5s.o -mcpu=cortex-m0plus -mthumb -I. -IGenerated_Source\PSoC4 -Wa,-alh=.\CortexM0p\ARM_GCC_541\Debug/isr_Timebase5s.lst -g -D DEBUG -Wall -ffunction-sections -ffat-lto-objects -Og
arm-none-eabi-gcc.exe -c Generated_Source\PSoC4\Clk_1kHz.c -o .\CortexM0p\ARM_GCC_541\Debug\Clk_1kHz.o -mcpu=cortex-m0plus -mthumb -I. -IGenerated_Source\PSoC4 -Wa,-alh=.\CortexM0p\ARM_GCC_541\Debug/Clk_1kHz.lst -g -D DEBUG -Wall -ffunction-sections -ffat-lto-objects -Og
arm-none-eabi-gcc.exe -c Generated_Source\PSoC4\Timebase5s.c -o .\CortexM0p\ARM_GCC_541\Debug\Timebase5s.o -mcpu=cortex-m0plus -mthumb -I. -IGenerated_Source\PSoC4 -Wa,-alh=.\CortexM0p\ARM_GCC_541\Debug/Timebase5s.lst -g -D DEBUG -Wall -ffunction-sections -ffat-lto-objects -Og
arm-none-eabi-gcc.exe -c Generated_Source\PSoC4\Timebase5s_PM.c -o .\CortexM0p\ARM_GCC_541\Debug\Timebase5s_PM.o -mcpu=cortex-m0plus -mthumb -I. -IGenerated_Source\PSoC4 -Wa,-alh=.\CortexM0p\ARM_GCC_541\Debug/Timebase5s_PM.lst -g -D DEBUG -Wall -ffunction-sections -ffat-lto-objects -Og
arm-none-eabi-gcc.exe -c Generated_Source\PSoC4\ADC_intSarClock.c -o .\CortexM0p\ARM_GCC_541\Debug\ADC_intSarClock.o -mcpu=cortex-m0plus -mthumb -I. -IGenerated_Source\PSoC4 -Wa,-alh=.\CortexM0p\ARM_GCC_541\Debug/ADC_intSarClock.lst -g -D DEBUG -Wall -ffunction-sections -ffat-lto-objects -Og
arm-none-eabi-gcc.exe -c Generated_Source\PSoC4\ADC_IRQ.c -o .\CortexM0p\ARM_GCC_541\Debug\ADC_IRQ.o -mcpu=cortex-m0plus -mthumb -I. -IGenerated_Source\PSoC4 -Wa,-alh=.\CortexM0p\ARM_GCC_541\Debug/ADC_IRQ.lst -g -D DEBUG -Wall -ffunction-sections -ffat-lto-objects -Og
arm-none-eabi-gcc.exe -c Generated_Source\PSoC4\ADC_intUabClock.c -o .\CortexM0p\ARM_GCC_541\Debug\ADC_intUabClock.o -mcpu=cortex-m0plus -mthumb -I. -IGenerated_Source\PSoC4 -Wa,-alh=.\CortexM0p\ARM_GCC_541\Debug/ADC_intUabClock.lst -g -D DEBUG -Wall -ffunction-sections -ffat-lto-objects -Og
arm-none-eabi-gcc.exe -c Generated_Source\PSoC4\UART_1_SCBCLK.c -o .\CortexM0p\ARM_GCC_541\Debug\UART_1_SCBCLK.o -mcpu=cortex-m0plus -mthumb -I. -IGenerated_Source\PSoC4 -Wa,-alh=.\CortexM0p\ARM_GCC_541\Debug/UART_1_SCBCLK.lst -g -D DEBUG -Wall -ffunction-sections -ffat-lto-objects -Og
arm-none-eabi-gcc.exe -c Generated_Source\PSoC4\UART_1_tx.c -o .\CortexM0p\ARM_GCC_541\Debug\UART_1_tx.o -mcpu=cortex-m0plus -mthumb -I. -IGenerated_Source\PSoC4 -Wa,-alh=.\CortexM0p\ARM_GCC_541\Debug/UART_1_tx.lst -g -D DEBUG -Wall -ffunction-sections -ffat-lto-objects -Og
arm-none-eabi-gcc.exe -c Generated_Source\PSoC4\UART_1_tx_PM.c -o .\CortexM0p\ARM_GCC_541\Debug\UART_1_tx_PM.o -mcpu=cortex-m0plus -mthumb -I. -IGenerated_Source\PSoC4 -Wa,-alh=.\CortexM0p\ARM_GCC_541\Debug/UART_1_tx_PM.lst -g -D DEBUG -Wall -ffunction-sections -ffat-lto-objects -Og
arm-none-eabi-gcc.exe -c Generated_Source\PSoC4\UART_1_rx.c -o .\CortexM0p\ARM_GCC_541\Debug\UART_1_rx.o -mcpu=cortex-m0plus -mthumb -I. -IGenerated_Source\PSoC4 -Wa,-alh=.\CortexM0p\ARM_GCC_541\Debug/UART_1_rx.lst -g -D DEBUG -Wall -ffunction-sections -ffat-lto-objects -Og
arm-none-eabi-gcc.exe -c Generated_Source\PSoC4\UART_1_rx_PM.c -o .\CortexM0p\ARM_GCC_541\Debug\UART_1_rx_PM.o -mcpu=cortex-m0plus -mthumb -I. -IGenerated_Source\PSoC4 -Wa,-alh=.\CortexM0p\ARM_GCC_541\Debug/UART_1_rx_PM.lst -g -D DEBUG -Wall -ffunction-sections -ffat-lto-objects -Og
arm-none-eabi-gcc.exe -c Generated_Source\PSoC4\CSD_ISR.c -o .\CortexM0p\ARM_GCC_541\Debug\CSD_ISR.o -mcpu=cortex-m0plus -mthumb -I. -IGenerated_Source\PSoC4 -Wa,-alh=.\CortexM0p\ARM_GCC_541\Debug/CSD_ISR.lst -g -D DEBUG -Wall -ffunction-sections -ffat-lto-objects -Og
arm-none-eabi-gcc.exe -c Generated_Source\PSoC4\Cm0plusStart.c -o .\CortexM0p\ARM_GCC_541\Debug\Cm0plusStart.o -mcpu=cortex-m0plus -mthumb -I. -IGenerated_Source\PSoC4 -Wa,-alh=.\CortexM0p\ARM_GCC_541\Debug/Cm0plusStart.lst -g -D DEBUG -Wall -ffunction-sections -ffat-lto-objects -Og
arm-none-eabi-gcc.exe -c Generated_Source\PSoC4\CyFlash.c -o .\CortexM0p\ARM_GCC_541\Debug\CyFlash.o -mcpu=cortex-m0plus -mthumb -I. -IGenerated_Source\PSoC4 -Wa,-alh=.\CortexM0p\ARM_GCC_541\Debug/CyFlash.lst -g -D DEBUG -Wall -ffunction-sections -ffat-lto-objects -Og
arm-none-eabi-gcc.exe -c Generated_Source\PSoC4\CyLib.c -o .\CortexM0p\ARM_GCC_541\Debug\CyLib.o -mcpu=cortex-m0plus -mthumb -I. -IGenerated_Source\PSoC4 -Wa,-alh=.\CortexM0p\ARM_GCC_541\Debug/CyLib.lst -g -D DEBUG -Wall -ffunction-sections -ffat-lto-objects -Og
arm-none-eabi-gcc.exe -c Generated_Source\PSoC4\cyPm.c -o .\CortexM0p\ARM_GCC_541\Debug\cyPm.o -mcpu=cortex-m0plus -mthumb -I. -IGenerated_Source\PSoC4 -Wa,-alh=.\CortexM0p\ARM_GCC_541\Debug/cyPm.lst -g -D DEBUG -Wall -ffunction-sections -ffat-lto-objects -Og
arm-none-eabi-gcc.exe -c Generated_Source\PSoC4\cyutils.c -o .\CortexM0p\ARM_GCC_541\Debug\cyutils.o -mcpu=cortex-m0plus -mthumb -I. -IGenerated_Source\PSoC4 -Wa,-alh=.\CortexM0p\ARM_GCC_541\Debug/cyutils.lst -g -D DEBUG -Wall -ffunction-sections -ffat-lto-objects -Og
arm-none-eabi-gcc.exe -c Generated_Source\PSoC4\CyDMA.c -o .\CortexM0p\ARM_GCC_541\Debug\CyDMA.o -mcpu=cortex-m0plus -mthumb -I. -IGenerated_Source\PSoC4 -Wa,-alh=.\CortexM0p\ARM_GCC_541\Debug/CyDMA.lst -g -D DEBUG -Wall -ffunction-sections -ffat-lto-objects -Og
arm-none-eabi-gcc.exe -c Generated_Source\PSoC4\CyLFClk.c -o .\CortexM0p\ARM_GCC_541\Debug\CyLFClk.o -mcpu=cortex-m0plus -mthumb -I. -IGenerated_Source\PSoC4 -Wa,-alh=.\CortexM0p\ARM_GCC_541\Debug/CyLFClk.lst -g -D DEBUG -Wall -ffunction-sections -ffat-lto-objects -Og
arm-none-eabi-gcc.exe -c Generated_Source\PSoC4\System_Timer.c -o .\CortexM0p\ARM_GCC_541\Debug\System_Timer.o -mcpu=cortex-m0plus -mthumb -I. -IGenerated_Source\PSoC4 -Wa,-alh=.\CortexM0p\ARM_GCC_541\Debug/System_Timer.lst -g -D DEBUG -Wall -ffunction-sections -ffat-lto-objects -Og
arm-none-eabi-gcc.exe -c Generated_Source\PSoC4\System_Timer_PM.c -o .\CortexM0p\ARM_GCC_541\Debug\System_Timer_PM.o -mcpu=cortex-m0plus -mthumb -I. -IGenerated_Source\PSoC4 -Wa,-alh=.\CortexM0p\ARM_GCC_541\Debug/System_Timer_PM.lst -g -D DEBUG -Wall -ffunction-sections -ffat-lto-objects -Og
arm-none-eabi-gcc.exe -c Generated_Source\PSoC4\Clock_1.c -o .\CortexM0p\ARM_GCC_541\Debug\Clock_1.o -mcpu=cortex-m0plus -mthumb -I. -IGenerated_Source\PSoC4 -Wa,-alh=.\CortexM0p\ARM_GCC_541\Debug/Clock_1.lst -g -D DEBUG -Wall -ffunction-sections -ffat-lto-objects -Og
arm-none-eabi-gcc.exe -c Generated_Source\PSoC4\isr_counter.c -o .\CortexM0p\ARM_GCC_541\Debug\isr_counter.o -mcpu=cortex-m0plus -mthumb -I. -IGenerated_Source\PSoC4 -Wa,-alh=.\CortexM0p\ARM_GCC_541\Debug/isr_counter.lst -g -D DEBUG -Wall -ffunction-sections -ffat-lto-objects -Og
arm-none-eabi-as.exe -o .\CortexM0p\ARM_GCC_541\Debug\CyBootAsmGnu.o Generated_Source\PSoC4\CyBootAsmGnu.s -mcpu=cortex-m0plus -mthumb -I. -IGenerated_Source\PSoC4 -alh=.\CortexM0p\ARM_GCC_541\Debug/CyBootAsmGnu.lst -g -W
arm-none-eabi-ar.exe -rs ".\CortexM0p\ARM_GCC_541\Debug\ISMART Thermostat.a" .\CortexM0p\ARM_GCC_541\Debug\Pin_Vhi.o .\CortexM0p\ARM_GCC_541\Debug\Pin_Vhi_PM.o .\CortexM0p\ARM_GCC_541\Debug\Pin_Vtherm.o .\CortexM0p\ARM_GCC_541\Debug\Pin_Vtherm_PM.o .\CortexM0p\ARM_GCC_541\Debug\Pin_Vlow.o .\CortexM0p\ARM_GCC_541\Debug\Pin_Vlow_PM.o .\CortexM0p\ARM_GCC_541\Debug\Thermistor.o .\CortexM0p\ARM_GCC_541\Debug\ADC.o .\CortexM0p\ARM_GCC_541\Debug\ADC_PM.o .\CortexM0p\ARM_GCC_541\Debug\ADC_INIT.o .\CortexM0p\ARM_GCC_541\Debug\ADC_INT.o .\CortexM0p\ARM_GCC_541\Debug\Pin_Vref.o .\CortexM0p\ARM_GCC_541\Debug\Pin_Vref_PM.o .\CortexM0p\ARM_GCC_541\Debug\Pin_LED_Green.o .\CortexM0p\ARM_GCC_541\Debug\Pin_LED_Green_PM.o .\CortexM0p\ARM_GCC_541\Debug\Pin_LED_Red.o .\CortexM0p\ARM_GCC_541\Debug\Pin_LED_Red_PM.o .\CortexM0p\ARM_GCC_541\Debug\Pin_LED_Blue.o .\CortexM0p\ARM_GCC_541\Debug\Pin_LED_Blue_PM.o .\CortexM0p\ARM_GCC_541\Debug\UART_1.o .\CortexM0p\ARM_GCC_541\Debug\UART_1_SPI_UART.o .\CortexM0p\ARM_GCC_541\Debug\UART_1_SPI_UART_INT.o .\CortexM0p\ARM_GCC_541\Debug\UART_1_PM.o .\CortexM0p\ARM_GCC_541\Debug\UART_1_UART.o .\CortexM0p\ARM_GCC_541\Debug\UART_1_BOOT.o .\CortexM0p\ARM_GCC_541\Debug\UART_1_UART_BOOT.o .\CortexM0p\ARM_GCC_541\Debug\Switch_1.o .\CortexM0p\ARM_GCC_541\Debug\Switch_1_PM.o .\CortexM0p\ARM_GCC_541\Debug\CSD_Control.o .\CortexM0p\ARM_GCC_541\Debug\CSD_Processing.o .\CortexM0p\ARM_GCC_541\Debug\CSD_Structure.o .\CortexM0p\ARM_GCC_541\Debug\CSD_Tuner.o .\CortexM0p\ARM_GCC_541\Debug\CSD_Filter.o .\CortexM0p\ARM_GCC_541\Debug\CSD_Sensing.o .\CortexM0p\ARM_GCC_541\Debug\CSD_INT.o .\CortexM0p\ARM_GCC_541\Debug\CSD_SensingCSD_LL.o .\CortexM0p\ARM_GCC_541\Debug\Opamp_TIA_1.o .\CortexM0p\ARM_GCC_541\Debug\Opamp_TIA_1_PM.o .\CortexM0p\ARM_GCC_541\Debug\TIA_OUT_1.o .\CortexM0p\ARM_GCC_541\Debug\TIA_OUT_1_PM.o .\CortexM0p\ARM_GCC_541\Debug\TIA_IN_1.o .\CortexM0p\ARM_GCC_541\Debug\TIA_IN_1_PM.o .\CortexM0p\ARM_GCC_541\Debug\Pin_PIRRef.o .\CortexM0p\ARM_GCC_541\Debug\Pin_PIRRef_PM.o .\CortexM0p\ARM_GCC_541\Debug\Pin_PIR.o .\CortexM0p\ARM_GCC_541\Debug\Pin_PIR_PM.o .\CortexM0p\ARM_GCC_541\Debug\Pin_AmpOut.o .\CortexM0p\ARM_GCC_541\Debug\Pin_AmpOut_PM.o .\CortexM0p\ARM_GCC_541\Debug\PIRAmplifierStage1.o .\CortexM0p\ARM_GCC_541\Debug\PIRAmplifierStage1_PM.o .\CortexM0p\ARM_GCC_541\Debug\RefBuffer.o .\CortexM0p\ARM_GCC_541\Debug\RefBuffer_PM.o .\CortexM0p\ARM_GCC_541\Debug\PVref_1.o .\CortexM0p\ARM_GCC_541\Debug\PVref_1_PM.o .\CortexM0p\ARM_GCC_541\Debug\Pin_PGAIn.o .\CortexM0p\ARM_GCC_541\Debug\Pin_PGAIn_PM.o .\CortexM0p\ARM_GCC_541\Debug\PIRAmplifierStage2.o .\CortexM0p\ARM_GCC_541\Debug\PIRAmplifierStage2_PM.o .\CortexM0p\ARM_GCC_541\Debug\isr_Timebase5s.o .\CortexM0p\ARM_GCC_541\Debug\Clk_1kHz.o .\CortexM0p\ARM_GCC_541\Debug\Timebase5s.o .\CortexM0p\ARM_GCC_541\Debug\Timebase5s_PM.o .\CortexM0p\ARM_GCC_541\Debug\ADC_intSarClock.o .\CortexM0p\ARM_GCC_541\Debug\ADC_IRQ.o .\CortexM0p\ARM_GCC_541\Debug\ADC_intUabClock.o .\CortexM0p\ARM_GCC_541\Debug\UART_1_SCBCLK.o .\CortexM0p\ARM_GCC_541\Debug\UART_1_tx.o .\CortexM0p\ARM_GCC_541\Debug\UART_1_tx_PM.o .\CortexM0p\ARM_GCC_541\Debug\UART_1_rx.o .\CortexM0p\ARM_GCC_541\Debug\UART_1_rx_PM.o .\CortexM0p\ARM_GCC_541\Debug\CSD_ISR.o .\CortexM0p\ARM_GCC_541\Debug\CyFlash.o .\CortexM0p\ARM_GCC_541\Debug\CyLib.o .\CortexM0p\ARM_GCC_541\Debug\cyPm.o .\CortexM0p\ARM_GCC_541\Debug\cyutils.o .\CortexM0p\ARM_GCC_541\Debug\CyDMA.o .\CortexM0p\ARM_GCC_541\Debug\CyLFClk.o .\CortexM0p\ARM_GCC_541\Debug\System_Timer.o .\CortexM0p\ARM_GCC_541\Debug\System_Timer_PM.o .\CortexM0p\ARM_GCC_541\Debug\Clock_1.o .\CortexM0p\ARM_GCC_541\Debug\isr_counter.o .\CortexM0p\ARM_GCC_541\Debug\CyBootAsmGnu.o
arm-none-eabi-ar.exe: creating .\CortexM0p\ARM_GCC_541\Debug\ISMART Thermostat.a
arm-none-eabi-gcc.exe -Wl,--start-group -o "C:\Users\greg.phillips\Documents\PSoC Designs\Thermostat\ISMART Thermostat.cydsn\CortexM0p\ARM_GCC_541\Debug\ISMART Thermostat.elf" .\CortexM0p\ARM_GCC_541\Debug\main.o .\CortexM0p\ARM_GCC_541\Debug\imatrix.o .\CortexM0p\ARM_GCC_541\Debug\time.o .\CortexM0p\ARM_GCC_541\Debug\controls.o .\CortexM0p\ARM_GCC_541\Debug\humdity.o .\CortexM0p\ARM_GCC_541\Debug\leds.o .\CortexM0p\ARM_GCC_541\Debug\lux.o .\CortexM0p\ARM_GCC_541\Debug\pir.o .\CortexM0p\ARM_GCC_541\Debug\sensors.o .\CortexM0p\ARM_GCC_541\Debug\switch_sensor.o .\CortexM0p\ARM_GCC_541\Debug\temp.o .\CortexM0p\ARM_GCC_541\Debug\thermostat.o .\CortexM0p\ARM_GCC_541\Debug\cyfitter_cfg.o .\CortexM0p\ARM_GCC_541\Debug\cymetadata.o .\CortexM0p\ARM_GCC_541\Debug\Cm0plusStart.o ".\CortexM0p\ARM_GCC_541\Debug\ISMART Thermostat.a" "C:\Program Files (x86)\Cypress\PSoC Creator\4.1\PSoC Creator\psoc\content\CyComponentLibrary\CyComponentLibrary.cylib\CapSense_P4_v4_0\PSoC4\Library\Capsense_P4Library_GCCp.a" -mcpu=cortex-m0plus -mthumb -L Generated_Source\PSoC4 "-Wl,-Map,.\CortexM0p\ARM_GCC_541\Debug/ISMART Thermostat.map" -T Generated_Source\PSoC4\cm0plusgcc.ld -Wl,--gc-sections -g -ffunction-sections -Og -ffat-lto-objects -Wl,--end-group
cyelftool.exe -C "C:\Users\greg.phillips\Documents\PSoC Designs\Thermostat\ISMART Thermostat.cydsn\CortexM0p\ARM_GCC_541\Debug\ISMART Thermostat.elf" --flash_row_size 128 --flash_size 32768 --flash_offset 0x00000000
cyelftool.exe -S "C:\Users\greg.phillips\Documents\PSoC Designs\Thermostat\ISMART Thermostat.cydsn\CortexM0p\ARM_GCC_541\Debug\ISMART Thermostat.elf"
Flash used: 25640 of 32768 bytes (78.2 %).
SRAM used: 2716 of 4096 bytes (66.3 %). Stack: 1024 bytes. Heap: 128 bytes.
--------------- Rebuild Succeeded: 11/03/2017 12:14:12 ---------------
